<?xml version="1.0" encoding="UTF-8"?>
<!-- Generated by org.testng.reporters.JUnitReportReporter -->
<testsuite hostname="HP-ENVY" failures="0" tests="10" name="org.automation.api.JsonPlaceholderTests" time="48.327" errors="0" timestamp="2025-10-06T16:53:51 IST" skipped="0">
  <testcase classname="org.automation.api.JsonPlaceholderTests" name="testDeletePost" time="3.304"/>
  <testcase classname="org.automation.api.JsonPlaceholderTests" name="testGetAllPosts" time="5.003"/>
  <testcase classname="org.automation.api.JsonPlaceholderTests" name="testCreateComment" time="5.003"/>
  <testcase classname="org.automation.api.JsonPlaceholderTests" name="testCreatePost" time="5.003"/>
  <testcase classname="org.automation.api.JsonPlaceholderTests" name="testGetAllUsers" time="5.001"/>
  <testcase classname="org.automation.api.JsonPlaceholderTests" name="testGetSinglePost" time="5.004"/>
  <testcase classname="org.automation.api.JsonPlaceholderTests" name="testPatchPost" time="5.002"/>
  <testcase classname="org.automation.api.JsonPlaceholderTests" name="testGetSingleUser" time="5.002"/>
  <testcase classname="org.automation.api.JsonPlaceholderTests" name="testUpdatePost" time="5.002"/>
  <testcase classname="org.automation.api.JsonPlaceholderTests" name="testGetCommentsForPost" time="5.003"/>
</testsuite> <!-- org.automation.api.JsonPlaceholderTests -->
