<?xml version="1.0" encoding="UTF-8"?>
<!-- Generated by org.testng.reporters.JUnitReportReporter -->
<testsuite hostname="HP-ENVY" failures="0" tests="10" name="org.automation.ui.BlazeDemoTests" time="105.816" errors="0" timestamp="2025-09-25T10:25:49 IST" skipped="0">
  <testcase classname="org.automation.ui.BlazeDemoTests" name="testHomePageTitle" time="8.513"/>
  <testcase classname="org.automation.ui.BlazeDemoTests" name="testSelectFirstFlight" time="10.140"/>
  <testcase classname="org.automation.ui.BlazeDemoTests" name="testFlightSearchNavigation" time="10.252"/>
  <testcase classname="org.automation.ui.BlazeDemoTests" name="testFillPurchaseForm" time="18.339"/>
  <testcase classname="org.automation.ui.BlazeDemoTests" name="testNavigateToHomePage" time="8.834"/>
  <testcase classname="org.automation.ui.BlazeDemoTests" name="testConfirmationPage" time="8.803"/>
  <testcase classname="org.automation.ui.BlazeDemoTests" name="testPurchasePageContainsForm" time="9.697"/>
  <testcase classname="org.automation.ui.BlazeDemoTests" name="testHomePageContainsDepartureAndDestination" time="10.314"/>
  <testcase classname="org.automation.ui.BlazeDemoTests" name="testPurchaseFlight" time="11.738"/>
  <testcase classname="org.automation.ui.BlazeDemoTests" name="testFlightSelectionPage" time="9.186"/>
</testsuite> <!-- org.automation.ui.BlazeDemoTests -->
