<?xml version="1.0" encoding="UTF-8"?>
<!-- Generated by org.testng.reporters.JUnitReportReporter -->
<testsuite hostname="HP-ENVY" failures="0" tests="10" name="org.automation.ui.BlazeDemoTests" time="96.504" errors="0" timestamp="2025-10-06T16:53:51 IST" skipped="0">
  <testcase classname="org.automation.ui.BlazeDemoTests" name="testFlightSelectionPage" time="9.139"/>
  <testcase classname="org.automation.ui.BlazeDemoTests" name="testFillPurchaseForm" time="11.844"/>
  <testcase classname="org.automation.ui.BlazeDemoTests" name="testPurchaseFlight" time="11.078"/>
  <testcase classname="org.automation.ui.BlazeDemoTests" name="testConfirmationPage" time="8.738"/>
  <testcase classname="org.automation.ui.BlazeDemoTests" name="testNavigateToHomePage" time="8.726"/>
  <testcase classname="org.automation.ui.BlazeDemoTests" name="testHomePageTitle" time="8.656"/>
  <testcase classname="org.automation.ui.BlazeDemoTests" name="testPurchasePageContainsForm" time="9.101"/>
  <testcase classname="org.automation.ui.BlazeDemoTests" name="testHomePageContainsDepartureAndDestination" time="10.184"/>
  <testcase classname="org.automation.ui.BlazeDemoTests" name="testSelectFirstFlight" time="9.772"/>
  <testcase classname="org.automation.ui.BlazeDemoTests" name="testFlightSearchNavigation" time="9.266"/>
</testsuite> <!-- org.automation.ui.BlazeDemoTests -->
