<?xml version="1.0" encoding="UTF-8"?>
<!-- Generated by org.testng.reporters.JUnitReportReporter -->
<testsuite hostname="HP-ENVY" failures="0" tests="10" name="org.automation.api.JsonPlaceholderTests" time="64.101" errors="0" timestamp="2025-09-25T10:25:49 IST" skipped="0">
  <testcase classname="org.automation.api.JsonPlaceholderTests" name="testPatchPost" time="6.584"/>
  <testcase classname="org.automation.api.JsonPlaceholderTests" name="testDeletePost" time="4.831"/>
  <testcase classname="org.automation.api.JsonPlaceholderTests" name="testGetSingleUser" time="6.586"/>
  <testcase classname="org.automation.api.JsonPlaceholderTests" name="testCreatePost" time="6.587"/>
  <testcase classname="org.automation.api.JsonPlaceholderTests" name="testCreateComment" time="6.588"/>
  <testcase classname="org.automation.api.JsonPlaceholderTests" name="testGetAllUsers" time="6.584"/>
  <testcase classname="org.automation.api.JsonPlaceholderTests" name="testUpdatePost" time="6.583"/>
  <testcase classname="org.automation.api.JsonPlaceholderTests" name="testGetCommentsForPost" time="6.587"/>
  <testcase classname="org.automation.api.JsonPlaceholderTests" name="testGetSinglePost" time="6.586"/>
  <testcase classname="org.automation.api.JsonPlaceholderTests" name="testGetAllPosts" time="6.585"/>
</testsuite> <!-- org.automation.api.JsonPlaceholderTests -->
