<?xml version="1.0" encoding="UTF-8"?>
<!-- Generated by org.testng.reporters.JUnitReportReporter -->
<testsuite hostname="HP-ENVY" failures="0" tests="10" name="org.automation.ui.BlazeDemoTests" time="128.330" errors="0" timestamp="2025-09-25T09:47:16 IST" skipped="0">
  <testcase classname="org.automation.ui.BlazeDemoTests" name="testFillPurchaseForm" time="15.115"/>
  <testcase classname="org.automation.ui.BlazeDemoTests" name="testPurchaseFlight" time="14.061"/>
  <testcase classname="org.automation.ui.BlazeDemoTests" name="testFlightSearchNavigation" time="13.864"/>
  <testcase classname="org.automation.ui.BlazeDemoTests" name="testConfirmationPage" time="15.494"/>
  <testcase classname="org.automation.ui.BlazeDemoTests" name="testHomePageTitle" time="10.397"/>
  <testcase classname="org.automation.ui.BlazeDemoTests" name="testNavigateToHomePage" time="10.593"/>
  <testcase classname="org.automation.ui.BlazeDemoTests" name="testSelectFirstFlight" time="13.923"/>
  <testcase classname="org.automation.ui.BlazeDemoTests" name="testHomePageContainsDepartureAndDestination" time="9.841"/>
  <testcase classname="org.automation.ui.BlazeDemoTests" name="testPurchasePageContainsForm" time="15.268"/>
  <testcase classname="org.automation.ui.BlazeDemoTests" name="testFlightSelectionPage" time="9.774"/>
</testsuite> <!-- org.automation.ui.BlazeDemoTests -->
